<?xml version="1.0" encoding="UTF-8"?>
<!-- Generated by org.testng.reporters.JUnitReportReporter -->
<testsuite hostname="LAPTOP-634875P7" failures="0" tests="1" name="com.ui.tests.Logintest3" time="19.740" errors="0" timestamp="2025-02-26T11:41:41 IST" skipped="0">
  <testcase classname="com.ui.tests.Logintest3" name="LoginExcelTest" time="19.740"/>
  <system-out/>
</testsuite> <!-- com.ui.tests.Logintest3 -->
